<?xml version='1.0' encoding='UTF-8'?>
<testsuite hostname="Colossus2.local" name="org.quantintel.ql.time.DateTest" tests="61" errors="0" failures="0" time="0.013">
                     <properties>
[...]
</properties>
                     <testcase classname="org.quantintel.ql.time.DateTest" name=" Date equality should equal" time="0.001">
                                                 
                                               </testcase><testcase classname="org.quantintel.ql.time.DateTest" name=" Date inequality should inequal" time="0.0">
                                                 
                                               </testcase><testcase classname="org.quantintel.ql.time.DateTest" name=" Date comparison &lt; should less than" time="0.001">
                                                 
                                               </testcase><testcase classname="org.quantintel.ql.time.DateTest" name=" Date comparison &gt; should more than" time="0.0">
                                                 
                                               </testcase><testcase classname="org.quantintel.ql.time.DateTest" name=" Date comparison &gt; should less than" time="0.0">
                                                 
                                               </testcase><testcase classname="org.quantintel.ql.time.DateTest" name=" Date comparison &gt; should more than" time="0.0">
                                                 
                                               </testcase><testcase classname="org.quantintel.ql.time.DateTest" name=" Date comparison ne should not equal" time="0.0">
                                                 
                                               </testcase><testcase classname="org.quantintel.ql.time.DateTest" name=" Date comparison ne should equal" time="0.0">
                                                 
                                               </testcase><testcase classname="org.quantintel.ql.time.DateTest" name=" Date comparison le at equal should less than or equal" time="0.0">
                                                 
                                               </testcase><testcase classname="org.quantintel.ql.time.DateTest" name=" Date comparison le at less than should less than or equal" time="0.001">
                                                 
                                               </testcase><testcase classname="org.quantintel.ql.time.DateTest" name=" Date comparison le at less than should less than or equal" time="0.0">
                                                 
                                               </testcase><testcase classname="org.quantintel.ql.time.DateTest" name=" Date comparison ge at greater than should greater than or equal" time="0.0">
                                                 
                                               </testcase><testcase classname="org.quantintel.ql.time.DateTest" name=" Date comparison ge at greater than should greater than or equal" time="0.0">
                                                 
                                               </testcase><testcase classname="org.quantintel.ql.time.DateTest" name=" Date comparison ge at greater than should greater than or equal" time="0.0">
                                                 
                                               </testcase><testcase classname="org.quantintel.ql.time.DateTest" name=" Date comparison isNull should null" time="0.001">
                                                 
                                               </testcase><testcase classname="org.quantintel.ql.time.DateTest" name=" Date comparison isNull should not null" time="0.002">
                                                 
                                               </testcase><testcase classname="org.quantintel.ql.time.DateTest" name=" Date comparison isNull should null" time="0.0">
                                                 
                                               </testcase><testcase classname="org.quantintel.ql.time.DateTest" name=" date inc should +1" time="0.0">
                                                 
                                               </testcase><testcase classname="org.quantintel.ql.time.DateTest" name=" date dec should -1" time="0.0">
                                                 
                                               </testcase><testcase classname="org.quantintel.ql.time.DateTest" name=" date inc beyond range should exception" time="0.001">
                                                 
                                               </testcase><testcase classname="org.quantintel.ql.time.DateTest" name=" date dec beyond range should exception" time="0.0">
                                                 
                                               </testcase><testcase classname="org.quantintel.ql.time.DateTest" name=" value of min should 367" time="0.0">
                                                 
                                               </testcase><testcase classname="org.quantintel.ql.time.DateTest" name=" value of max should 109574" time="0.0">
                                                 
                                               </testcase><testcase classname="org.quantintel.ql.time.DateTest" name=" earliest date month should JANUARY" time="0.0">
                                                 
                                               </testcase><testcase classname="org.quantintel.ql.time.DateTest" name=" earliest day of year should JANUARY 1" time="0.0">
                                                 
                                               </testcase><testcase classname="org.quantintel.ql.time.DateTest" name=" earliest year in excel based system but before supported serial number should exception" time="0.0">
                                                 
                                               </testcase><testcase classname="org.quantintel.ql.time.DateTest" name="26 is leap year should be yes" time="0.001">
                                                 
                                               </testcase><testcase classname="org.quantintel.ql.time.DateTest" name="27 is not leap year should be no" time="0.0">
                                                 
                                               </testcase><testcase classname="org.quantintel.ql.time.DateTest" name="28 is a leap year should be yes" time="0.0">
                                                 
                                               </testcase><testcase classname="org.quantintel.ql.time.DateTest" name=" check a year 367 should 1901" time="0.0">
                                                 
                                               </testcase><testcase classname="org.quantintel.ql.time.DateTest" name=" check a year 109574 should 2199" time="0.0">
                                                 
                                               </testcase><testcase classname="org.quantintel.ql.time.DateTest" name="December 31st, 2199 should 109574" time="0.002">
                                                 
                                               </testcase><testcase classname="org.quantintel.ql.time.DateTest" name="December 31st, 2199 using enum should 109574" time="0.0">
                                                 
                                               </testcase><testcase classname="org.quantintel.ql.time.DateTest" name="legacy java date should" time="0.001">
                                                 
                                               </testcase><testcase classname="org.quantintel.ql.time.DateTest" name="get day of month should 5" time="0.001">
                                                 
                                               </testcase><testcase classname="org.quantintel.ql.time.DateTest" name="get month of year should 1" time="0.0">
                                                 
                                               </testcase><testcase classname="org.quantintel.ql.time.DateTest" name="get year should 2199" time="0.0">
                                                 
                                               </testcase><testcase classname="org.quantintel.ql.time.DateTest" name="get day of week should be tuesday" time="0.0">
                                                 
                                               </testcase><testcase classname="org.quantintel.ql.time.DateTest" name="get is end of month should be yes" time="0.0">
                                                 
                                               </testcase><testcase classname="org.quantintel.ql.time.DateTest" name="get is end of month should be no" time="0.0">
                                                 
                                               </testcase><testcase classname="org.quantintel.ql.time.DateTest" name="get is null date should be yes" time="0.001">
                                                 
                                               </testcase><testcase classname="org.quantintel.ql.time.DateTest" name="get is null date should be no" time="0.0">
                                                 
                                               </testcase><testcase classname="org.quantintel.ql.time.DateTest" name="is today should be true" time="0.0">
                                                 
                                               </testcase><testcase classname="org.quantintel.ql.time.DateTest" name="is today should be false" time="0.0">
                                                 
                                               </testcase><testcase classname="org.quantintel.ql.time.DateTest" name="JANUARY, 1901" time="0.0">
                                                 
                                               </testcase><testcase classname="org.quantintel.ql.time.DateTest" name="inc date should be 368" time="0.0">
                                                 
                                               </testcase><testcase classname="org.quantintel.ql.time.DateTest" name="dec date should be 367" time="0.0">
                                                 
                                               </testcase><testcase classname="org.quantintel.ql.time.DateTest" name="long date formatting should" time="0.0">
                                                 
                                               </testcase><testcase classname="org.quantintel.ql.time.DateTest" name="object identity should true" time="0.0">
                                                 
                                               </testcase><testcase classname="org.quantintel.ql.time.DateTest" name="object identity should false" time="0.0">
                                                 
                                               </testcase><testcase classname="org.quantintel.ql.time.DateTest" name="object comparison less than should -1" time="0.0">
                                                 
                                               </testcase><testcase classname="org.quantintel.ql.time.DateTest" name="object comparison less than should 1" time="0.0">
                                                 
                                               </testcase><testcase classname="org.quantintel.ql.time.DateTest" name="object comparison less than should 0" time="0.0">
                                                 
                                               </testcase><testcase classname="org.quantintel.ql.time.DateTest" name="addAssign should + 1 int" time="0.0">
                                                 
                                               </testcase><testcase classname="org.quantintel.ql.time.DateTest" name="addAssign should + 1 one month forward" time="0.0">
                                                 
                                               </testcase><testcase classname="org.quantintel.ql.time.DateTest" name="addAssign should + 1 one day forward" time="0.0">
                                                 
                                               </testcase><testcase classname="org.quantintel.ql.time.DateTest" name="addAssign should + 1 one year forward" time="0.0">
                                                 
                                               </testcase><testcase classname="org.quantintel.ql.time.DateTest" name="lower bound should be 1" time="0.0">
                                                 
                                               </testcase><testcase classname="org.quantintel.ql.time.DateTest" name="lower bound should be not be 1" time="0.0">
                                                 
                                               </testcase><testcase classname="org.quantintel.ql.time.DateTest" name="upper bound should be 1" time="0.0">
                                                 
                                               </testcase><testcase classname="org.quantintel.ql.time.DateTest" name="upper bound should be not be 1" time="0.0">
                                                 
                                               </testcase>
                     <system-out></system-out>
                     <system-err></system-err>
                   </testsuite>